This file contains any messages produced by compilers while
running configure, to aid debugging if configure makes a mistake.

It was created by OTFS configure 1.0, which was
generated by GNU Autoconf 2.69.  Invocation command line was

  $ ./configure 

## --------- ##
## Platform. ##
## --------- ##

hostname = soyoung-virtual-machine
uname -m = x86_64
uname -r = 5.4.0-42-generic
uname -s = Linux
uname -v = #46~18.04.1-Ubuntu SMP Fri Jul 10 07:21:24 UTC 2020

/usr/bin/uname -p = unknown
/bin/uname -X     = unknown

/bin/arch              = unknown
/usr/bin/arch -k       = unknown
/usr/convex/getsysinfo = unknown
/usr/bin/hostinfo      = unknown
/bin/machine           = unknown
/usr/bin/oslevel       = unknown
/bin/universe          = unknown

PATH: /usr/local/sbin
PATH: /usr/local/bin
PATH: /usr/sbin
PATH: /usr/bin
PATH: /sbin
PATH: /bin
PATH: /usr/games
PATH: /usr/local/games
PATH: /snap/bin


## ----------- ##
## Core tests. ##
## ----------- ##

configure:2262: checking for gcc
configure:2278: found /usr/bin/gcc
configure:2289: result: gcc
configure:2518: checking for C compiler version
configure:2527: gcc --version >&5
gcc (Ubuntu 7.5.0-3ubuntu1~18.04) 7.5.0
Copyright (C) 2017 Free Software Foundation, Inc.
This is free software; see the source for copying conditions.  There is NO
warranty; not even for MERCHANTABILITY or FITNESS FOR A PARTICULAR PURPOSE.

configure:2538: $? = 0
configure:2527: gcc -v >&5
Using built-in specs.
COLLECT_GCC=gcc
COLLECT_LTO_WRAPPER=/usr/lib/gcc/x86_64-linux-gnu/7/lto-wrapper
OFFLOAD_TARGET_NAMES=nvptx-none
OFFLOAD_TARGET_DEFAULT=1
Target: x86_64-linux-gnu
Configured with: ../src/configure -v --with-pkgversion='Ubuntu 7.5.0-3ubuntu1~18.04' --with-bugurl=file:///usr/share/doc/gcc-7/README.Bugs --enable-languages=c,ada,c++,go,brig,d,fortran,objc,obj-c++ --prefix=/usr --with-gcc-major-version-only --program-suffix=-7 --program-prefix=x86_64-linux-gnu- --enable-shared --enable-linker-build-id --libexecdir=/usr/lib --without-included-gettext --enable-threads=posix --libdir=/usr/lib --enable-nls --enable-bootstrap --enable-clocale=gnu --enable-libstdcxx-debug --enable-libstdcxx-time=yes --with-default-libstdcxx-abi=new --enable-gnu-unique-object --disable-vtable-verify --enable-libmpx --enable-plugin --enable-default-pie --with-system-zlib --with-target-system-zlib --enable-objc-gc=auto --enable-multiarch --disable-werror --with-arch-32=i686 --with-abi=m64 --with-multilib-list=m32,m64,mx32 --enable-multilib --with-tune=generic --enable-offload-targets=nvptx-none --without-cuda-driver --enable-checking=release --build=x86_64-linux-gnu --host=x86_64-linux-gnu --target=x86_64-linux-gnu
Thread model: posix
gcc version 7.5.0 (Ubuntu 7.5.0-3ubuntu1~18.04) 
configure:2538: $? = 0
configure:2527: gcc -V >&5
gcc: error: unrecognized command line option '-V'
gcc: fatal error: no input files
compilation terminated.
configure:2538: $? = 1
configure:2527: gcc -qversion >&5
gcc: error: unrecognized command line option '-qversion'; did you mean '--version'?
gcc: fatal error: no input files
compilation terminated.
configure:2538: $? = 1
configure:2558: checking whether the C compiler works
configure:2580: gcc    conftest.c  >&5
configure:2584: $? = 0
configure:2632: result: yes
configure:2635: checking for C compiler default output file name
configure:2637: result: a.out
configure:2643: checking for suffix of executables
configure:2650: gcc -o conftest    conftest.c  >&5
configure:2654: $? = 0
configure:2676: result: 
configure:2698: checking whether we are cross compiling
configure:2706: gcc -o conftest    conftest.c  >&5
configure:2710: $? = 0
configure:2717: ./conftest
configure:2721: $? = 0
configure:2736: result: no
configure:2741: checking for suffix of object files
configure:2763: gcc -c   conftest.c >&5
configure:2767: $? = 0
configure:2788: result: o
configure:2792: checking whether we are using the GNU C compiler
configure:2811: gcc -c   conftest.c >&5
configure:2811: $? = 0
configure:2820: result: yes
configure:2829: checking whether gcc accepts -g
configure:2849: gcc -c -g  conftest.c >&5
configure:2849: $? = 0
configure:2890: result: yes
configure:2907: checking for gcc option to accept ISO C89
configure:2970: gcc  -c -g -O2  conftest.c >&5
configure:2970: $? = 0
configure:2983: result: none needed
configure:3013: checking how to run the C preprocessor
configure:3044: gcc -E  conftest.c
configure:3044: $? = 0
configure:3058: gcc -E  conftest.c
conftest.c:9:10: fatal error: ac_nonexistent.h: No such file or directory
 #include <ac_nonexistent.h>
          ^~~~~~~~~~~~~~~~~~
compilation terminated.
configure:3058: $? = 1
configure: failed program was:
| /* confdefs.h */
| #define PACKAGE_NAME "OTFS"
| #define PACKAGE_TARNAME "otfs"
| #define PACKAGE_VERSION "1.0"
| #define PACKAGE_STRING "OTFS 1.0"
| #define PACKAGE_BUGREPORT "zsally47@gmail.com"
| #define PACKAGE_URL ""
| /* end confdefs.h.  */
| #include <ac_nonexistent.h>
configure:3083: result: gcc -E
configure:3103: gcc -E  conftest.c
configure:3103: $? = 0
configure:3117: gcc -E  conftest.c
conftest.c:9:10: fatal error: ac_nonexistent.h: No such file or directory
 #include <ac_nonexistent.h>
          ^~~~~~~~~~~~~~~~~~
compilation terminated.
configure:3117: $? = 1
configure: failed program was:
| /* confdefs.h */
| #define PACKAGE_NAME "OTFS"
| #define PACKAGE_TARNAME "otfs"
| #define PACKAGE_VERSION "1.0"
| #define PACKAGE_STRING "OTFS 1.0"
| #define PACKAGE_BUGREPORT "zsally47@gmail.com"
| #define PACKAGE_URL ""
| /* end confdefs.h.  */
| #include <ac_nonexistent.h>
configure:3146: checking for grep that handles long lines and -e
configure:3204: result: /bin/grep
configure:3209: checking for egrep
configure:3271: result: /bin/grep -E
configure:3276: checking for ANSI C header files
configure:3296: gcc -c -g -O2  conftest.c >&5
configure:3296: $? = 0
configure:3369: gcc -o conftest -g -O2   conftest.c  >&5
configure:3369: $? = 0
configure:3369: ./conftest
configure:3369: $? = 0
configure:3380: result: yes
configure:3393: checking for sys/types.h
configure:3393: gcc -c -g -O2  conftest.c >&5
configure:3393: $? = 0
configure:3393: result: yes
configure:3393: checking for sys/stat.h
configure:3393: gcc -c -g -O2  conftest.c >&5
configure:3393: $? = 0
configure:3393: result: yes
configure:3393: checking for stdlib.h
configure:3393: gcc -c -g -O2  conftest.c >&5
configure:3393: $? = 0
configure:3393: result: yes
configure:3393: checking for string.h
configure:3393: gcc -c -g -O2  conftest.c >&5
configure:3393: $? = 0
configure:3393: result: yes
configure:3393: checking for memory.h
configure:3393: gcc -c -g -O2  conftest.c >&5
configure:3393: $? = 0
configure:3393: result: yes
configure:3393: checking for strings.h
configure:3393: gcc -c -g -O2  conftest.c >&5
configure:3393: $? = 0
configure:3393: result: yes
configure:3393: checking for inttypes.h
configure:3393: gcc -c -g -O2  conftest.c >&5
configure:3393: $? = 0
configure:3393: result: yes
configure:3393: checking for stdint.h
configure:3393: gcc -c -g -O2  conftest.c >&5
configure:3393: $? = 0
configure:3393: result: yes
configure:3393: checking for unistd.h
configure:3393: gcc -c -g -O2  conftest.c >&5
configure:3393: $? = 0
configure:3393: result: yes
configure:3408: checking fcntl.h usability
configure:3408: gcc -c -g -O2  conftest.c >&5
configure:3408: $? = 0
configure:3408: result: yes
configure:3408: checking fcntl.h presence
configure:3408: gcc -E  conftest.c
configure:3408: $? = 0
configure:3408: result: yes
configure:3408: checking for fcntl.h
configure:3408: result: yes
configure:3408: checking stddef.h usability
configure:3408: gcc -c -g -O2  conftest.c >&5
configure:3408: $? = 0
configure:3408: result: yes
configure:3408: checking stddef.h presence
configure:3408: gcc -E  conftest.c
configure:3408: $? = 0
configure:3408: result: yes
configure:3408: checking for stddef.h
configure:3408: result: yes
configure:3408: checking for stdlib.h
configure:3408: result: yes
configure:3408: checking for string.h
configure:3408: result: yes
configure:3408: checking for unistd.h
configure:3408: result: yes
configure:3420: checking for stdbool.h that conforms to C99
configure:3487: gcc -c -g -O2  conftest.c >&5
configure:3487: $? = 0
configure:3494: result: yes
configure:3496: checking for _Bool
configure:3496: gcc -c -g -O2  conftest.c >&5
configure:3496: $? = 0
configure:3496: gcc -c -g -O2  conftest.c >&5
conftest.c: In function 'main':
conftest.c:60:20: error: expected expression before ')' token
 if (sizeof ((_Bool)))
                    ^
configure:3496: $? = 1
configure: failed program was:
| /* confdefs.h */
| #define PACKAGE_NAME "OTFS"
| #define PACKAGE_TARNAME "otfs"
| #define PACKAGE_VERSION "1.0"
| #define PACKAGE_STRING "OTFS 1.0"
| #define PACKAGE_BUGREPORT "zsally47@gmail.com"
| #define PACKAGE_URL ""
| #define STDC_HEADERS 1
| #define HAVE_SYS_TYPES_H 1
| #define HAVE_SYS_STAT_H 1
| #define HAVE_STDLIB_H 1
| #define HAVE_STRING_H 1
| #define HAVE_MEMORY_H 1
| #define HAVE_STRINGS_H 1
| #define HAVE_INTTYPES_H 1
| #define HAVE_STDINT_H 1
| #define HAVE_UNISTD_H 1
| #define HAVE_FCNTL_H 1
| #define HAVE_STDDEF_H 1
| #define HAVE_STDLIB_H 1
| #define HAVE_STRING_H 1
| #define HAVE_UNISTD_H 1
| /* end confdefs.h.  */
| #include <stdio.h>
| #ifdef HAVE_SYS_TYPES_H
| # include <sys/types.h>
| #endif
| #ifdef HAVE_SYS_STAT_H
| # include <sys/stat.h>
| #endif
| #ifdef STDC_HEADERS
| # include <stdlib.h>
| # include <stddef.h>
| #else
| # ifdef HAVE_STDLIB_H
| #  include <stdlib.h>
| # endif
| #endif
| #ifdef HAVE_STRING_H
| # if !defined STDC_HEADERS && defined HAVE_MEMORY_H
| #  include <memory.h>
| # endif
| # include <string.h>
| #endif
| #ifdef HAVE_STRINGS_H
| # include <strings.h>
| #endif
| #ifdef HAVE_INTTYPES_H
| # include <inttypes.h>
| #endif
| #ifdef HAVE_STDINT_H
| # include <stdint.h>
| #endif
| #ifdef HAVE_UNISTD_H
| # include <unistd.h>
| #endif
| int
| main ()
| {
| if (sizeof ((_Bool)))
| 	    return 0;
|   ;
|   return 0;
| }
configure:3496: result: yes
configure:3507: checking for mode_t
configure:3507: gcc -c -g -O2  conftest.c >&5
configure:3507: $? = 0
configure:3507: gcc -c -g -O2  conftest.c >&5
conftest.c: In function 'main':
conftest.c:61:21: error: expected expression before ')' token
 if (sizeof ((mode_t)))
                     ^
configure:3507: $? = 1
configure: failed program was:
| /* confdefs.h */
| #define PACKAGE_NAME "OTFS"
| #define PACKAGE_TARNAME "otfs"
| #define PACKAGE_VERSION "1.0"
| #define PACKAGE_STRING "OTFS 1.0"
| #define PACKAGE_BUGREPORT "zsally47@gmail.com"
| #define PACKAGE_URL ""
| #define STDC_HEADERS 1
| #define HAVE_SYS_TYPES_H 1
| #define HAVE_SYS_STAT_H 1
| #define HAVE_STDLIB_H 1
| #define HAVE_STRING_H 1
| #define HAVE_MEMORY_H 1
| #define HAVE_STRINGS_H 1
| #define HAVE_INTTYPES_H 1
| #define HAVE_STDINT_H 1
| #define HAVE_UNISTD_H 1
| #define HAVE_FCNTL_H 1
| #define HAVE_STDDEF_H 1
| #define HAVE_STDLIB_H 1
| #define HAVE_STRING_H 1
| #define HAVE_UNISTD_H 1
| #define HAVE__BOOL 1
| /* end confdefs.h.  */
| #include <stdio.h>
| #ifdef HAVE_SYS_TYPES_H
| # include <sys/types.h>
| #endif
| #ifdef HAVE_SYS_STAT_H
| # include <sys/stat.h>
| #endif
| #ifdef STDC_HEADERS
| # include <stdlib.h>
| # include <stddef.h>
| #else
| # ifdef HAVE_STDLIB_H
| #  include <stdlib.h>
| # endif
| #endif
| #ifdef HAVE_STRING_H
| # if !defined STDC_HEADERS && defined HAVE_MEMORY_H
| #  include <memory.h>
| # endif
| # include <string.h>
| #endif
| #ifdef HAVE_STRINGS_H
| # include <strings.h>
| #endif
| #ifdef HAVE_INTTYPES_H
| # include <inttypes.h>
| #endif
| #ifdef HAVE_STDINT_H
| # include <stdint.h>
| #endif
| #ifdef HAVE_UNISTD_H
| # include <unistd.h>
| #endif
| int
| main ()
| {
| if (sizeof ((mode_t)))
| 	    return 0;
|   ;
|   return 0;
| }
configure:3507: result: yes
configure:3518: checking for off_t
configure:3518: gcc -c -g -O2  conftest.c >&5
configure:3518: $? = 0
configure:3518: gcc -c -g -O2  conftest.c >&5
conftest.c: In function 'main':
conftest.c:61:20: error: expected expression before ')' token
 if (sizeof ((off_t)))
                    ^
configure:3518: $? = 1
configure: failed program was:
| /* confdefs.h */
| #define PACKAGE_NAME "OTFS"
| #define PACKAGE_TARNAME "otfs"
| #define PACKAGE_VERSION "1.0"
| #define PACKAGE_STRING "OTFS 1.0"
| #define PACKAGE_BUGREPORT "zsally47@gmail.com"
| #define PACKAGE_URL ""
| #define STDC_HEADERS 1
| #define HAVE_SYS_TYPES_H 1
| #define HAVE_SYS_STAT_H 1
| #define HAVE_STDLIB_H 1
| #define HAVE_STRING_H 1
| #define HAVE_MEMORY_H 1
| #define HAVE_STRINGS_H 1
| #define HAVE_INTTYPES_H 1
| #define HAVE_STDINT_H 1
| #define HAVE_UNISTD_H 1
| #define HAVE_FCNTL_H 1
| #define HAVE_STDDEF_H 1
| #define HAVE_STDLIB_H 1
| #define HAVE_STRING_H 1
| #define HAVE_UNISTD_H 1
| #define HAVE__BOOL 1
| /* end confdefs.h.  */
| #include <stdio.h>
| #ifdef HAVE_SYS_TYPES_H
| # include <sys/types.h>
| #endif
| #ifdef HAVE_SYS_STAT_H
| # include <sys/stat.h>
| #endif
| #ifdef STDC_HEADERS
| # include <stdlib.h>
| # include <stddef.h>
| #else
| # ifdef HAVE_STDLIB_H
| #  include <stdlib.h>
| # endif
| #endif
| #ifdef HAVE_STRING_H
| # if !defined STDC_HEADERS && defined HAVE_MEMORY_H
| #  include <memory.h>
| # endif
| # include <string.h>
| #endif
| #ifdef HAVE_STRINGS_H
| # include <strings.h>
| #endif
| #ifdef HAVE_INTTYPES_H
| # include <inttypes.h>
| #endif
| #ifdef HAVE_STDINT_H
| # include <stdint.h>
| #endif
| #ifdef HAVE_UNISTD_H
| # include <unistd.h>
| #endif
| int
| main ()
| {
| if (sizeof ((off_t)))
| 	    return 0;
|   ;
|   return 0;
| }
configure:3518: result: yes
configure:3529: checking for size_t
configure:3529: gcc -c -g -O2  conftest.c >&5
configure:3529: $? = 0
configure:3529: gcc -c -g -O2  conftest.c >&5
conftest.c: In function 'main':
conftest.c:61:21: error: expected expression before ')' token
 if (sizeof ((size_t)))
                     ^
configure:3529: $? = 1
configure: failed program was:
| /* confdefs.h */
| #define PACKAGE_NAME "OTFS"
| #define PACKAGE_TARNAME "otfs"
| #define PACKAGE_VERSION "1.0"
| #define PACKAGE_STRING "OTFS 1.0"
| #define PACKAGE_BUGREPORT "zsally47@gmail.com"
| #define PACKAGE_URL ""
| #define STDC_HEADERS 1
| #define HAVE_SYS_TYPES_H 1
| #define HAVE_SYS_STAT_H 1
| #define HAVE_STDLIB_H 1
| #define HAVE_STRING_H 1
| #define HAVE_MEMORY_H 1
| #define HAVE_STRINGS_H 1
| #define HAVE_INTTYPES_H 1
| #define HAVE_STDINT_H 1
| #define HAVE_UNISTD_H 1
| #define HAVE_FCNTL_H 1
| #define HAVE_STDDEF_H 1
| #define HAVE_STDLIB_H 1
| #define HAVE_STRING_H 1
| #define HAVE_UNISTD_H 1
| #define HAVE__BOOL 1
| /* end confdefs.h.  */
| #include <stdio.h>
| #ifdef HAVE_SYS_TYPES_H
| # include <sys/types.h>
| #endif
| #ifdef HAVE_SYS_STAT_H
| # include <sys/stat.h>
| #endif
| #ifdef STDC_HEADERS
| # include <stdlib.h>
| # include <stddef.h>
| #else
| # ifdef HAVE_STDLIB_H
| #  include <stdlib.h>
| # endif
| #endif
| #ifdef HAVE_STRING_H
| # if !defined STDC_HEADERS && defined HAVE_MEMORY_H
| #  include <memory.h>
| # endif
| # include <string.h>
| #endif
| #ifdef HAVE_STRINGS_H
| # include <strings.h>
| #endif
| #ifdef HAVE_INTTYPES_H
| # include <inttypes.h>
| #endif
| #ifdef HAVE_STDINT_H
| # include <stdint.h>
| #endif
| #ifdef HAVE_UNISTD_H
| # include <unistd.h>
| #endif
| int
| main ()
| {
| if (sizeof ((size_t)))
| 	    return 0;
|   ;
|   return 0;
| }
configure:3529: result: yes
configure:3540: checking for struct stat.st_blocks
configure:3540: gcc -c -g -O2  conftest.c >&5
configure:3540: $? = 0
configure:3540: result: yes
configure:3564: checking for stdlib.h
configure:3564: result: yes
configure:3574: checking for GNU libc compatible malloc
configure:3598: gcc -o conftest -g -O2   conftest.c  >&5
configure:3598: $? = 0
configure:3598: ./conftest
configure:3598: $? = 0
configure:3608: result: yes
configure:3631: checking for strdup
configure:3631: gcc -o conftest -g -O2   conftest.c  >&5
conftest.c:52:6: warning: conflicting types for built-in function 'strdup' [-Wbuiltin-declaration-mismatch]
 char strdup ();
      ^~~~~~
configure:3631: $? = 0
configure:3631: result: yes
configure:3757: creating ./config.status

## ---------------------- ##
## Running config.status. ##
## ---------------------- ##

This file was extended by OTFS config.status 1.0, which was
generated by GNU Autoconf 2.69.  Invocation command line was

  CONFIG_FILES    = 
  CONFIG_HEADERS  = 
  CONFIG_LINKS    = 
  CONFIG_COMMANDS = 
  $ ./config.status 

on soyoung-virtual-machine

config.status:795: error: cannot find input file: `Makefile.in'

## ---------------- ##
## Cache variables. ##
## ---------------- ##

ac_cv_c_compiler_gnu=yes
ac_cv_env_CC_set=
ac_cv_env_CC_value=
ac_cv_env_CFLAGS_set=
ac_cv_env_CFLAGS_value=
ac_cv_env_CPPFLAGS_set=
ac_cv_env_CPPFLAGS_value=
ac_cv_env_CPP_set=
ac_cv_env_CPP_value=
ac_cv_env_LDFLAGS_set=
ac_cv_env_LDFLAGS_value=
ac_cv_env_LIBS_set=
ac_cv_env_LIBS_value=
ac_cv_env_build_alias_set=
ac_cv_env_build_alias_value=
ac_cv_env_host_alias_set=
ac_cv_env_host_alias_value=
ac_cv_env_target_alias_set=
ac_cv_env_target_alias_value=
ac_cv_func_malloc_0_nonnull=yes
ac_cv_func_strdup=yes
ac_cv_header_fcntl_h=yes
ac_cv_header_inttypes_h=yes
ac_cv_header_memory_h=yes
ac_cv_header_stdbool_h=yes
ac_cv_header_stdc=yes
ac_cv_header_stddef_h=yes
ac_cv_header_stdint_h=yes
ac_cv_header_stdlib_h=yes
ac_cv_header_string_h=yes
ac_cv_header_strings_h=yes
ac_cv_header_sys_stat_h=yes
ac_cv_header_sys_types_h=yes
ac_cv_header_unistd_h=yes
ac_cv_member_struct_stat_st_blocks=yes
ac_cv_objext=o
ac_cv_path_EGREP='/bin/grep -E'
ac_cv_path_GREP=/bin/grep
ac_cv_prog_CPP='gcc -E'
ac_cv_prog_ac_ct_CC=gcc
ac_cv_prog_cc_c89=
ac_cv_prog_cc_g=yes
ac_cv_type__Bool=yes
ac_cv_type_mode_t=yes
ac_cv_type_off_t=yes
ac_cv_type_size_t=yes

## ----------------- ##
## Output variables. ##
## ----------------- ##

CC='gcc'
CFLAGS='-g -O2'
CPP='gcc -E'
CPPFLAGS=''
DEFS='-DHAVE_CONFIG_H'
ECHO_C=''
ECHO_N='-n'
ECHO_T=''
EGREP='/bin/grep -E'
EXEEXT=''
GREP='/bin/grep'
LDFLAGS=''
LIBOBJS=''
LIBS=''
LTLIBOBJS=''
OBJEXT='o'
PACKAGE_BUGREPORT='zsally47@gmail.com'
PACKAGE_NAME='OTFS'
PACKAGE_STRING='OTFS 1.0'
PACKAGE_TARNAME='otfs'
PACKAGE_URL=''
PACKAGE_VERSION='1.0'
PATH_SEPARATOR=':'
SHELL='/bin/bash'
ac_ct_CC='gcc'
bindir='${exec_prefix}/bin'
build_alias=''
datadir='${datarootdir}'
datarootdir='${prefix}/share'
docdir='${datarootdir}/doc/${PACKAGE_TARNAME}'
dvidir='${docdir}'
exec_prefix='${prefix}'
host_alias=''
htmldir='${docdir}'
includedir='${prefix}/include'
infodir='${datarootdir}/info'
libdir='${exec_prefix}/lib'
libexecdir='${exec_prefix}/libexec'
localedir='${datarootdir}/locale'
localstatedir='${prefix}/var'
mandir='${datarootdir}/man'
oldincludedir='/usr/include'
pdfdir='${docdir}'
prefix='/usr/local'
program_transform_name='s,x,x,'
psdir='${docdir}'
runstatedir='${localstatedir}/run'
sbindir='${exec_prefix}/sbin'
sharedstatedir='${prefix}/com'
sysconfdir='${prefix}/etc'
target_alias=''

## ----------- ##
## confdefs.h. ##
## ----------- ##

/* confdefs.h */
#define PACKAGE_NAME "OTFS"
#define PACKAGE_TARNAME "otfs"
#define PACKAGE_VERSION "1.0"
#define PACKAGE_STRING "OTFS 1.0"
#define PACKAGE_BUGREPORT "zsally47@gmail.com"
#define PACKAGE_URL ""
#define STDC_HEADERS 1
#define HAVE_SYS_TYPES_H 1
#define HAVE_SYS_STAT_H 1
#define HAVE_STDLIB_H 1
#define HAVE_STRING_H 1
#define HAVE_MEMORY_H 1
#define HAVE_STRINGS_H 1
#define HAVE_INTTYPES_H 1
#define HAVE_STDINT_H 1
#define HAVE_UNISTD_H 1
#define HAVE_FCNTL_H 1
#define HAVE_STDDEF_H 1
#define HAVE_STDLIB_H 1
#define HAVE_STRING_H 1
#define HAVE_UNISTD_H 1
#define HAVE__BOOL 1
#define HAVE_STRUCT_STAT_ST_BLOCKS 1
#define HAVE_ST_BLOCKS 1
#define HAVE_STDLIB_H 1
#define HAVE_MALLOC 1
#define HAVE_STRDUP 1

configure: exit 1
